# JRE version: Java(TM) SE Runtime Environment (7.0_51-b13) (build 1.7.0_51-b13)
# Java VM: Java HotSpot(TM) 64-Bit Server VM (24.51-b03 mixed mode windows-amd64 compressed oops)
Heap
 def new generation   total 24704K, used 21089K [0x00000000aac00000, 0x00000000ac6c0000, 0x00000000c5750000)
  eden space 22016K,  92% used [0x00000000aac00000, 0x00000000abfd5c20, 0x00000000ac180000)
  from space 2688K,  28% used [0x00000000ac180000, 0x00000000ac242928, 0x00000000ac420000)
  to   space 2688K,   0% used [0x00000000ac420000, 0x00000000ac420000, 0x00000000ac6c0000)
 tenured generation   total 54720K, used 15709K [0x00000000c5750000, 0x00000000c8cc0000, 0x00000000fae00000)
   the space 54720K,  28% used [0x00000000c5750000, 0x00000000c66a7488, 0x00000000c66a7600, 0x00000000c8cc0000)
 compacting perm gen  total 33728K, used 33600K [0x00000000fae00000, 0x00000000fcef0000, 0x0000000100000000)
   the space 33728K,  99% used [0x00000000fae00000, 0x00000000fced00b8, 0x00000000fced0200, 0x00000000fcef0000)
GC Heap History (10 events):
Event: 79.418 GC heap before
{Heap before GC invocations=14 (full 2):
 def new generation   total 24704K, used 22979K [0x00000000aac00000, 0x00000000ac6c0000, 0x00000000c5750000)
  eden space 22016K, 100% used [0x00000000aac00000, 0x00000000ac180000, 0x00000000ac180000)
  from space 2688K,  35% used [0x00000000ac420000, 0x00000000ac510e48, 0x00000000ac6c0000)
  to   space 2688K,   0% used [0x00000000ac180000, 0x00000000ac180000, 0x00000000ac420000)
 tenured generation   total 54720K, used 15073K [0x00000000c5750000, 0x00000000c8cc0000, 0x00000000fae00000)
   the space 54720K,  27% used [0x00000000c5750000, 0x00000000c66087c8, 0x00000000c6608800, 0x00000000c8cc0000)
 compacting perm gen  total 33088K, used 33073K [0x00000000fae00000, 0x00000000fce50000, 0x0000000100000000)
   the space 33088K,  99% used [0x00000000fae00000, 0x00000000fce4c4a8, 0x00000000fce4c600, 0x00000000fce50000)
No shared spaces configured.
Event: 79.422 GC heap after
Heap after GC invocations=15 (full 2):
 def new generation   total 24704K, used 1157K [0x00000000aac00000, 0x00000000ac6c0000, 0x00000000c5750000)
  eden space 22016K,   0% used [0x00000000aac00000, 0x00000000aac00000, 0x00000000ac180000)
  from space 2688K,  43% used [0x00000000ac180000, 0x00000000ac2a14a8, 0x00000000ac420000)
  to   space 2688K,   0% used [0x00000000ac420000, 0x00000000ac420000, 0x00000000ac6c0000)
 tenured generation   total 54720K, used 15073K [0x00000000c5750000, 0x00000000c8cc0000, 0x00000000fae00000)
   the space 54720K,  27% used [0x00000000c5750000, 0x00000000c66087c8, 0x00000000c6608800, 0x00000000c8cc0000)
 compacting perm gen  total 33088K, used 33073K [0x00000000fae00000, 0x00000000fce50000, 0x0000000100000000)
   the space 33088K,  99% used [0x00000000fae00000, 0x00000000fce4c4a8, 0x00000000fce4c600, 0x00000000fce50000)
No shared spaces configured.
}
Event: 85.558 GC heap before
{Heap before GC invocations=15 (full 2):
 def new generation   total 24704K, used 23173K [0x00000000aac00000, 0x00000000ac6c0000, 0x00000000c5750000)
  eden space 22016K, 100% used [0x00000000aac00000, 0x00000000ac180000, 0x00000000ac180000)
  from space 2688K,  43% used [0x00000000ac180000, 0x00000000ac2a14a8, 0x00000000ac420000)
  to   space 2688K,   0% used [0x00000000ac420000, 0x00000000ac420000, 0x00000000ac6c0000)
 tenured generation   total 54720K, used 15073K [0x00000000c5750000, 0x00000000c8cc0000, 0x00000000fae00000)
   the space 54720K,  27% used [0x00000000c5750000, 0x00000000c66087c8, 0x00000000c6608800, 0x00000000c8cc0000)
 compacting perm gen  total 33408K, used 33109K [0x00000000fae00000, 0x00000000fcea0000, 0x0000000100000000)
   the space 33408K,  99% used [0x00000000fae00000, 0x00000000fce557b0, 0x00000000fce55800, 0x00000000fcea0000)
No shared spaces configured.
Event: 85.562 GC heap after
Heap after GC invocations=16 (full 2):
 def new generation   total 24704K, used 1204K [0x00000000aac00000, 0x00000000ac6c0000, 0x00000000c5750000)
  eden space 22016K,   0% used [0x00000000aac00000, 0x00000000aac00000, 0x00000000ac180000)
  from space 2688K,  44% used [0x00000000ac420000, 0x00000000ac54d170, 0x00000000ac6c0000)
  to   space 2688K,   0% used [0x00000000ac180000, 0x00000000ac180000, 0x00000000ac420000)
 tenured generation   total 54720K, used 15073K [0x00000000c5750000, 0x00000000c8cc0000, 0x00000000fae00000)
   the space 54720K,  27% used [0x00000000c5750000, 0x00000000c66087c8, 0x00000000c6608800, 0x00000000c8cc0000)
 compacting perm gen  total 33408K, used 33109K [0x00000000fae00000, 0x00000000fcea0000, 0x0000000100000000)
   the space 33408K,  99% used [0x00000000fae00000, 0x00000000fce557b0, 0x00000000fce55800, 0x00000000fcea0000)
No shared spaces configured.
}
Event: 94.456 GC heap before
{Heap before GC invocations=16 (full 2):
 def new generation   total 24704K, used 23220K [0x00000000aac00000, 0x00000000ac6c0000, 0x00000000c5750000)
  eden space 22016K, 100% used [0x00000000aac00000, 0x00000000ac180000, 0x00000000ac180000)
  from space 2688K,  44% used [0x00000000ac420000, 0x00000000ac54d170, 0x00000000ac6c0000)
  to   space 2688K,   0% used [0x00000000ac180000, 0x00000000ac180000, 0x00000000ac420000)
 tenured generation   total 54720K, used 15073K [0x00000000c5750000, 0x00000000c8cc0000, 0x00000000fae00000)
   the space 54720K,  27% used [0x00000000c5750000, 0x00000000c66087c8, 0x00000000c6608800, 0x00000000c8cc0000)
 compacting perm gen  total 33728K, used 33535K [0x00000000fae00000, 0x00000000fcef0000, 0x0000000100000000)
   the space 33728K,  99% used [0x00000000fae00000, 0x00000000fcebfd68, 0x00000000fcebfe00, 0x00000000fcef0000)
No shared spaces configured.
Event: 94.461 GC heap after
Heap after GC invocations=17 (full 2):
 def new generation   total 24704K, used 1559K [0x00000000aac00000, 0x00000000ac6c0000, 0x00000000c5750000)
  eden space 22016K,   0% used [0x00000000aac00000, 0x00000000aac00000, 0x00000000ac180000)
  from space 2688K,  58% used [0x00000000ac180000, 0x00000000ac305f78, 0x00000000ac420000)
  to   space 2688K,   0% used [0x00000000ac420000, 0x00000000ac420000, 0x00000000ac6c0000)
 tenured generation   total 54720K, used 15073K [0x00000000c5750000, 0x00000000c8cc0000, 0x00000000fae00000)
   the space 54720K,  27% used [0x00000000c5750000, 0x00000000c66087c8, 0x00000000c6608800, 0x00000000c8cc0000)
 compacting perm gen  total 33728K, used 33535K [0x00000000fae00000, 0x00000000fcef0000, 0x0000000100000000)
   the space 33728K,  99% used [0x00000000fae00000, 0x00000000fcebfd68, 0x00000000fcebfe00, 0x00000000fcef0000)
No shared spaces configured.
}
Event: 101.508 GC heap before
{Heap before GC invocations=17 (full 2):
 def new generation   total 24704K, used 23575K [0x00000000aac00000, 0x00000000ac6c0000, 0x00000000c5750000)
  eden space 22016K, 100% used [0x00000000aac00000, 0x00000000ac180000, 0x00000000ac180000)
  from space 2688K,  58% used [0x00000000ac180000, 0x00000000ac305f78, 0x00000000ac420000)
  to   space 2688K,   0% used [0x00000000ac420000, 0x00000000ac420000, 0x00000000ac6c0000)
 tenured generation   total 54720K, used 15073K [0x00000000c5750000, 0x00000000c8cc0000, 0x00000000fae00000)
   the space 54720K,  27% used [0x00000000c5750000, 0x00000000c66087c8, 0x00000000c6608800, 0x00000000c8cc0000)
 compacting perm gen  total 33728K, used 33560K [0x00000000fae00000, 0x00000000fcef0000, 0x0000000100000000)
   the space 33728K,  99% used [0x00000000fae00000, 0x00000000fcec6330, 0x00000000fcec6400, 0x00000000fcef0000)
No shared spaces configured.
Event: 101.513 GC heap after
Heap after GC invocations=18 (full 2):
 def new generation   total 24704K, used 907K [0x00000000aac00000, 0x00000000ac6c0000, 0x00000000c5750000)
  eden space 22016K,   0% used [0x00000000aac00000, 0x00000000aac00000, 0x00000000ac180000)
  from space 2688K,  33% used [0x00000000ac420000, 0x00000000ac502f40, 0x00000000ac6c0000)
  to   space 2688K,   0% used [0x00000000ac180000, 0x00000000ac180000, 0x00000000ac420000)
 tenured generation   total 54720K, used 15709K [0x00000000c5750000, 0x00000000c8cc0000, 0x00000000fae00000)
   the space 54720K,  28% used [0x00000000c5750000, 0x00000000c66a7488, 0x00000000c66a7600, 0x00000000c8cc0000)
 compacting perm gen  total 33728K, used 33560K [0x00000000fae00000, 0x00000000fcef0000, 0x0000000100000000)
   the space 33728K,  99% used [0x00000000fae00000, 0x00000000fcec6330, 0x00000000fcec6400, 0x00000000fcef0000)
No shared spaces configured.
}
Event: 109.801 GC heap before
{Heap before GC invocations=18 (full 2):
 def new generation   total 24704K, used 22923K [0x00000000aac00000, 0x00000000ac6c0000, 0x00000000c5750000)
  eden space 22016K, 100% used [0x00000000aac00000, 0x00000000ac180000, 0x00000000ac180000)
  from space 2688K,  33% used [0x00000000ac420000, 0x00000000ac502f40, 0x00000000ac6c0000)
  to   space 2688K,   0% used [0x00000000ac180000, 0x00000000ac180000, 0x00000000ac420000)
 tenured generation   total 54720K, used 15709K [0x00000000c5750000, 0x00000000c8cc0000, 0x00000000fae00000)
   the space 54720K,  28% used [0x00000000c5750000, 0x00000000c66a7488, 0x00000000c66a7600, 0x00000000c8cc0000)
 compacting perm gen  total 33728K, used 33575K [0x00000000fae00000, 0x00000000fcef0000, 0x0000000100000000)
   the space 33728K,  99% used [0x00000000fae00000, 0x00000000fcec9eb8, 0x00000000fceca000, 0x00000000fcef0000)
No shared spaces configured.
Event: 109.804 GC heap after
Heap after GC invocations=19 (full 2):
 def new generation   total 24704K, used 778K [0x00000000aac00000, 0x00000000ac6c0000, 0x00000000c5750000)
  eden space 22016K,   0% used [0x00000000aac00000, 0x00000000aac00000, 0x00000000ac180000)
  from space 2688K,  28% used [0x00000000ac180000, 0x00000000ac242928, 0x00000000ac420000)
  to   space 2688K,   0% used [0x00000000ac420000, 0x00000000ac420000, 0x00000000ac6c0000)
 tenured generation   total 54720K, used 15709K [0x00000000c5750000, 0x00000000c8cc0000, 0x00000000fae00000)
   the space 54720K,  28% used [0x00000000c5750000, 0x00000000c66a7488, 0x00000000c66a7600, 0x00000000c8cc0000)
 compacting perm gen  total 33728K, used 33575K [0x00000000fae00000, 0x00000000fcef0000, 0x0000000100000000)
   the space 33728K,  99% used [0x00000000fae00000, 0x00000000fcec9eb8, 0x00000000fceca000, 0x00000000fcef0000)
No shared spaces configured.
}

