# JRE version: Java(TM) SE Runtime Environment (7.0_51-b13) (build 1.7.0_51-b13)
# Java VM: Java HotSpot(TM) 64-Bit Server VM (24.51-b03 mixed mode windows-amd64 compressed oops)
Heap
 def new generation   total 24704K, used 6303K [0x00000000aac00000, 0x00000000ac6c0000, 0x00000000c5750000)
  eden space 22016K,  28% used [0x00000000aac00000, 0x00000000ab227d28, 0x00000000ac180000)
  from space 2688K,   0% used [0x00000000ac420000, 0x00000000ac420000, 0x00000000ac6c0000)
  to   space 2688K,   0% used [0x00000000ac180000, 0x00000000ac180000, 0x00000000ac420000)
 tenured generation   total 54720K, used 13570K [0x00000000c5750000, 0x00000000c8cc0000, 0x00000000fae00000)
   the space 54720K,  24% used [0x00000000c5750000, 0x00000000c6490bd8, 0x00000000c6490c00, 0x00000000c8cc0000)
 compacting perm gen  total 33088K, used 32953K [0x00000000fae00000, 0x00000000fce50000, 0x0000000100000000)
   the space 33088K,  99% used [0x00000000fae00000, 0x00000000fce2e638, 0x00000000fce2e800, 0x00000000fce50000)
GC Heap History (10 events):
Event: 18.451 GC heap before
{Heap before GC invocations=8 (full 1):
 def new generation   total 24704K, used 24703K [0x00000000aac00000, 0x00000000ac6c0000, 0x00000000c5750000)
  eden space 22016K, 100% used [0x00000000aac00000, 0x00000000ac180000, 0x00000000ac180000)
  from space 2688K,  99% used [0x00000000ac420000, 0x00000000ac6bfff8, 0x00000000ac6c0000)
  to   space 2688K,   0% used [0x00000000ac180000, 0x00000000ac180000, 0x00000000ac420000)
 tenured generation   total 54720K, used 11470K [0x00000000c5750000, 0x00000000c8cc0000, 0x00000000fae00000)
   the space 54720K,  20% used [0x00000000c5750000, 0x00000000c6283900, 0x00000000c6283a00, 0x00000000c8cc0000)
 compacting perm gen  total 31488K, used 31451K [0x00000000fae00000, 0x00000000fccc0000, 0x0000000100000000)
   the space 31488K,  99% used [0x00000000fae00000, 0x00000000fccb6e98, 0x00000000fccb7000, 0x00000000fccc0000)
No shared spaces configured.
Event: 18.458 GC heap after
Heap after GC invocations=9 (full 1):
 def new generation   total 24704K, used 408K [0x00000000aac00000, 0x00000000ac6c0000, 0x00000000c5750000)
  eden space 22016K,   0% used [0x00000000aac00000, 0x00000000aac00000, 0x00000000ac180000)
  from space 2688K,  15% used [0x00000000ac180000, 0x00000000ac1e6140, 0x00000000ac420000)
  to   space 2688K,   0% used [0x00000000ac420000, 0x00000000ac420000, 0x00000000ac6c0000)
 tenured generation   total 54720K, used 13253K [0x00000000c5750000, 0x00000000c8cc0000, 0x00000000fae00000)
   the space 54720K,  24% used [0x00000000c5750000, 0x00000000c64415d0, 0x00000000c6441600, 0x00000000c8cc0000)
 compacting perm gen  total 31488K, used 31451K [0x00000000fae00000, 0x00000000fccc0000, 0x0000000100000000)
   the space 31488K,  99% used [0x00000000fae00000, 0x00000000fccb6e98, 0x00000000fccb7000, 0x00000000fccc0000)
No shared spaces configured.
}
Event: 18.894 GC heap before
{Heap before GC invocations=9 (full 1):
 def new generation   total 24704K, used 22424K [0x00000000aac00000, 0x00000000ac6c0000, 0x00000000c5750000)
  eden space 22016K, 100% used [0x00000000aac00000, 0x00000000ac180000, 0x00000000ac180000)
  from space 2688K,  15% used [0x00000000ac180000, 0x00000000ac1e6140, 0x00000000ac420000)
  to   space 2688K,   0% used [0x00000000ac420000, 0x00000000ac420000, 0x00000000ac6c0000)
 tenured generation   total 54720K, used 13253K [0x00000000c5750000, 0x00000000c8cc0000, 0x00000000fae00000)
   the space 54720K,  24% used [0x00000000c5750000, 0x00000000c64415d0, 0x00000000c6441600, 0x00000000c8cc0000)
 compacting perm gen  total 31488K, used 31453K [0x00000000fae00000, 0x00000000fccc0000, 0x0000000100000000)
   the space 31488K,  99% used [0x00000000fae00000, 0x00000000fccb7740, 0x00000000fccb7800, 0x00000000fccc0000)
No shared spaces configured.
Event: 18.898 GC heap after
Heap after GC invocations=10 (full 1):
 def new generation   total 24704K, used 649K [0x00000000aac00000, 0x00000000ac6c0000, 0x00000000c5750000)
  eden space 22016K,   0% used [0x00000000aac00000, 0x00000000aac00000, 0x00000000ac180000)
  from space 2688K,  24% used [0x00000000ac420000, 0x00000000ac4c26c0, 0x00000000ac6c0000)
  to   space 2688K,   0% used [0x00000000ac180000, 0x00000000ac180000, 0x00000000ac420000)
 tenured generation   total 54720K, used 13253K [0x00000000c5750000, 0x00000000c8cc0000, 0x00000000fae00000)
   the space 54720K,  24% used [0x00000000c5750000, 0x00000000c64415d0, 0x00000000c6441600, 0x00000000c8cc0000)
 compacting perm gen  total 31488K, used 31453K [0x00000000fae00000, 0x00000000fccc0000, 0x0000000100000000)
   the space 31488K,  99% used [0x00000000fae00000, 0x00000000fccb7740, 0x00000000fccb7800, 0x00000000fccc0000)
No shared spaces configured.
}
Event: 18.939 GC heap before
{Heap before GC invocations=10 (full 1):
 def new generation   total 24704K, used 22665K [0x00000000aac00000, 0x00000000ac6c0000, 0x00000000c5750000)
  eden space 22016K, 100% used [0x00000000aac00000, 0x00000000ac180000, 0x00000000ac180000)
  from space 2688K,  24% used [0x00000000ac420000, 0x00000000ac4c26c0, 0x00000000ac6c0000)
  to   space 2688K,   0% used [0x00000000ac180000, 0x00000000ac180000, 0x00000000ac420000)
 tenured generation   total 54720K, used 13253K [0x00000000c5750000, 0x00000000c8cc0000, 0x00000000fae00000)
   the space 54720K,  24% used [0x00000000c5750000, 0x00000000c64415d0, 0x00000000c6441600, 0x00000000c8cc0000)
 compacting perm gen  total 31488K, used 31455K [0x00000000fae00000, 0x00000000fccc0000, 0x0000000100000000)
   the space 31488K,  99% used [0x00000000fae00000, 0x00000000fccb7cd8, 0x00000000fccb7e00, 0x00000000fccc0000)
No shared spaces configured.
Event: 18.942 GC heap after
Heap after GC invocations=11 (full 1):
 def new generation   total 24704K, used 700K [0x00000000aac00000, 0x00000000ac6c0000, 0x00000000c5750000)
  eden space 22016K,   0% used [0x00000000aac00000, 0x00000000aac00000, 0x00000000ac180000)
  from space 2688K,  26% used [0x00000000ac180000, 0x00000000ac22f0a8, 0x00000000ac420000)
  to   space 2688K,   0% used [0x00000000ac420000, 0x00000000ac420000, 0x00000000ac6c0000)
 tenured generation   total 54720K, used 13253K [0x00000000c5750000, 0x00000000c8cc0000, 0x00000000fae00000)
   the space 54720K,  24% used [0x00000000c5750000, 0x00000000c64415d0, 0x00000000c6441600, 0x00000000c8cc0000)
 compacting perm gen  total 31488K, used 31455K [0x00000000fae00000, 0x00000000fccc0000, 0x0000000100000000)
   the space 31488K,  99% used [0x00000000fae00000, 0x00000000fccb7cd8, 0x00000000fccb7e00, 0x00000000fccc0000)
No shared spaces configured.
}
Event: 19.318 GC heap before
{Heap before GC invocations=11 (full 1):
 def new generation   total 24704K, used 22716K [0x00000000aac00000, 0x00000000ac6c0000, 0x00000000c5750000)
  eden space 22016K, 100% used [0x00000000aac00000, 0x00000000ac180000, 0x00000000ac180000)
  from space 2688K,  26% used [0x00000000ac180000, 0x00000000ac22f0a8, 0x00000000ac420000)
  to   space 2688K,   0% used [0x00000000ac420000, 0x00000000ac420000, 0x00000000ac6c0000)
 tenured generation   total 54720K, used 13253K [0x00000000c5750000, 0x00000000c8cc0000, 0x00000000fae00000)
   the space 54720K,  24% used [0x00000000c5750000, 0x00000000c64415d0, 0x00000000c6441600, 0x00000000c8cc0000)
 compacting perm gen  total 31488K, used 31478K [0x00000000fae00000, 0x00000000fccc0000, 0x0000000100000000)
   the space 31488K,  99% used [0x00000000fae00000, 0x00000000fccbd920, 0x00000000fccbda00, 0x00000000fccc0000)
No shared spaces configured.
Event: 19.321 GC heap after
Heap after GC invocations=12 (full 1):
 def new generation   total 24704K, used 788K [0x00000000aac00000, 0x00000000ac6c0000, 0x00000000c5750000)
  eden space 22016K,   0% used [0x00000000aac00000, 0x00000000aac00000, 0x00000000ac180000)
  from space 2688K,  29% used [0x00000000ac420000, 0x00000000ac4e5220, 0x00000000ac6c0000)
  to   space 2688K,   0% used [0x00000000ac180000, 0x00000000ac180000, 0x00000000ac420000)
 tenured generation   total 54720K, used 13253K [0x00000000c5750000, 0x00000000c8cc0000, 0x00000000fae00000)
   the space 54720K,  24% used [0x00000000c5750000, 0x00000000c64415d0, 0x00000000c6441600, 0x00000000c8cc0000)
 compacting perm gen  total 31488K, used 31478K [0x00000000fae00000, 0x00000000fccc0000, 0x0000000100000000)
   the space 31488K,  99% used [0x00000000fae00000, 0x00000000fccbd920, 0x00000000fccbda00, 0x00000000fccc0000)
No shared spaces configured.
}
Event: 25.046 GC heap before
{Heap before GC invocations=12 (full 1):
 def new generation   total 24704K, used 15206K [0x00000000aac00000, 0x00000000ac6c0000, 0x00000000c5750000)
  eden space 22016K,  65% used [0x00000000aac00000, 0x00000000aba14650, 0x00000000ac180000)
  from space 2688K,  29% used [0x00000000ac420000, 0x00000000ac4e5220, 0x00000000ac6c0000)
  to   space 2688K,   0% used [0x00000000ac180000, 0x00000000ac180000, 0x00000000ac420000)
 tenured generation   total 54720K, used 13253K [0x00000000c5750000, 0x00000000c8cc0000, 0x00000000fae00000)
   the space 54720K,  24% used [0x00000000c5750000, 0x00000000c64415d0, 0x00000000c6441600, 0x00000000c8cc0000)
 compacting perm gen  total 32128K, used 32127K [0x00000000fae00000, 0x00000000fcd60000, 0x0000000100000000)
   the space 32128K,  99% used [0x00000000fae00000, 0x00000000fcd5ffd0, 0x00000000fcd60000, 0x00000000fcd60000)
No shared spaces configured.
Event: 25.116 GC heap after
Heap after GC invocations=13 (full 2):
 def new generation   total 24704K, used 0K [0x00000000aac00000, 0x00000000ac6c0000, 0x00000000c5750000)
  eden space 22016K,   0% used [0x00000000aac00000, 0x00000000aac00000, 0x00000000ac180000)
  from space 2688K,   0% used [0x00000000ac420000, 0x00000000ac420000, 0x00000000ac6c0000)
  to   space 2688K,   0% used [0x00000000ac180000, 0x00000000ac180000, 0x00000000ac420000)
 tenured generation   total 54720K, used 13570K [0x00000000c5750000, 0x00000000c8cc0000, 0x00000000fae00000)
   the space 54720K,  24% used [0x00000000c5750000, 0x00000000c6490bd8, 0x00000000c6490c00, 0x00000000c8cc0000)
 compacting perm gen  total 32128K, used 32127K [0x00000000fae00000, 0x00000000fcd60000, 0x0000000100000000)
   the space 32128K,  99% used [0x00000000fae00000, 0x00000000fcd5ffd0, 0x00000000fcd60000, 0x00000000fcd60000)
No shared spaces configured.
}

